生成启动时间为 2023/11/23 16:12:52。
     1>项目“F:\智能机器人课设\空气键鼠系统-可运行版\KinectGesture\KinectDemo\KinectDemo.vcxproj”在节点 2 上(Build 个目标)。
     1>ClCompile:
         F:\Visual studio 2012\VC\bin\CL.exe /c /IF:\eigen\Eigen3 /ZI /nologo /W3 /WX- /sdl /Od /Oy- /D WIN32 /D _DEBUG /D _WINDOWS /D _UNICODE /D UNICODE /Gm /EHsc /RTC1 /MDd /GS /fp:precise /Zc:wchar_t /Zc:forScope /Yu"stdafx.h" /Fp"Debug\KinectGesture.pch" /Fo"Debug\\" /Fd"Debug\vc110.pdb" /Gd /TP /analyze- /errorReport:prompt KinectBody.cpp
         KinectBody.cpp
     1>f:\智能机器人课设\空气键鼠系统-可运行版\kinectgesture\kinectdemo\kalman_filter.h(35): warning C4244: “参数”: 从“const double”转换到“const float”，可能丢失数据
     1>f:\智能机器人课设\空气键鼠系统-可运行版\kinectgesture\kinectdemo\kalman_filter.h(36): warning C4244: “参数”: 从“const double”转换到“const float”，可能丢失数据
     1>f:\智能机器人课设\空气键鼠系统-可运行版\kinectgesture\kinectdemo\kalman_filter.h(41): warning C4244: “参数”: 从“double”转换到“const float”，可能丢失数据
     1>f:\智能机器人课设\空气键鼠系统-可运行版\kinectgesture\kinectdemo\kalman_filter.h(42): warning C4244: “参数”: 从“double”转换到“const float”，可能丢失数据
     1>f:\智能机器人课设\空气键鼠系统-可运行版\kinectgesture\kinectdemo\kalman_filter.h(43): warning C4244: “参数”: 从“double”转换到“const float”，可能丢失数据
     1>f:\智能机器人课设\空气键鼠系统-可运行版\kinectgesture\kinectdemo\kalman_filter.h(44): warning C4244: “参数”: 从“double”转换到“const float”，可能丢失数据
     1>f:\智能机器人课设\空气键鼠系统-可运行版\kinectgesture\kinectdemo\kalman_filter.h(47): warning C4244: “参数”: 从“const double”转换到“const float”，可能丢失数据
     1>f:\智能机器人课设\空气键鼠系统-可运行版\kinectgesture\kinectdemo\kalman_filter.h(48): warning C4244: “参数”: 从“const double”转换到“const float”，可能丢失数据
     1>f:\智能机器人课设\空气键鼠系统-可运行版\kinectgesture\kinectdemo\kinectbody.cpp(150): warning C4101: “wmId”: 未引用的局部变量
     1>f:\智能机器人课设\空气键鼠系统-可运行版\kinectgesture\kinectdemo\kinectbody.cpp(150): warning C4101: “wmEvent”: 未引用的局部变量
     1>f:\智能机器人课设\空气键鼠系统-可运行版\kinectgesture\kinectdemo\kinectbody.cpp(363): warning C4715: “mosi”: 不是所有的控件路径都返回值
       Link:
         F:\Visual studio 2012\VC\bin\link.exe /ERRORREPORT:PROMPT /OUT:"F:\智能机器人课设\空气键鼠系统-可运行版\KinectGesture\Debug\KinectGesture.exe" /INCREMENTAL /NOLOGO kinect20.lib kernel32.lib user32.lib gdi32.lib winspool.lib comdlg32.lib advapi32.lib shell32.lib ole32.lib oleaut32.lib uuid.lib odbc32.lib odbccp32.lib /MANIFEST /MANIFESTUAC:"level='asInvoker' uiAccess='false'" /manifest:embed /DEBUG /PDB:"F:\智能机器人课设\空气键鼠系统-可运行版\KinectGesture\Debug\KinectGesture.pdb" /SUBSYSTEM:WINDOWS /TLBID:1 /DYNAMICBASE /NXCOMPAT /IMPLIB:"F:\智能机器人课设\空气键鼠系统-可运行版\KinectGesture\Debug\KinectGesture.lib" /MACHINE:X86 Debug\KinectDemo.res
         Debug\BodyRenderer.obj
         Debug\Gesture.obj
         Debug\GestureDetection.obj
         Debug\GestureWrapper.obj
         Debug\ImageRenderer.obj
         Debug\KinectBody.obj
         Debug\KinectDemo.obj
         Debug\KinectDevice.obj
         Debug\stdafx.obj
         Debug\SwipeDownGesture.obj
         Debug\SwipeLeftGesture.obj
         Debug\SwipeRightGesture.obj
         Debug\SwipeUpGesture.obj
         KinectDemo.vcxproj -> F:\智能机器人课设\空气键鼠系统-可运行版\KinectGesture\Debug\KinectGesture.exe
     1>已完成生成项目“F:\智能机器人课设\空气键鼠系统-可运行版\KinectGesture\KinectDemo\KinectDemo.vcxproj”(Build 个目标)的操作。

生成成功。

已用时间 00:00:04.34
